<?xml version="1.0" encoding="UTF-8"?>
<testng-results skipped="0" failed="0" ignored="0" total="1" passed="1">
  <reporter-output>
  </reporter-output>
  <suite name="Default suite" duration-ms="24503" started-at="2018-01-28T23:01:10Z" finished-at="2018-01-28T23:01:35Z">
    <groups>
    </groups>
    <test name="Default test" duration-ms="24503" started-at="2018-01-28T23:01:10Z" finished-at="2018-01-28T23:01:35Z">
      <class name="Academy.validateTitle">
        <test-method status="PASS" signature="basePageNavigation()[pri:0, instance:Academy.validateTitle@59fa1d9b]" name="basePageNavigation" duration-ms="24403" started-at="2018-01-28T17:01:10Z" finished-at="2018-01-28T17:01:35Z">
          <reporter-output>
          </reporter-output>
        </test-method> <!-- basePageNavigation -->
      </class> <!-- Academy.validateTitle -->
    </test> <!-- Default test -->
  </suite> <!-- Default suite -->
</testng-results>
